{"C:\\Users\\jrmic\\OneDrive\\Escritorio\\Api1-PIWEB\\src\\database\\mysql.ts": {"path":"C:\\Users\\jrmic\\OneDrive\\Escritorio\\Api1-PIWEB\\src\\database\\mysql.ts","statementMap":{"0":{"start":{"line":19,"column":2},"end":{"line":19,"column":24}},"1":{"start":{"line":1,"column":0},"end":{"line":1,"column":28}},"2":{"start":{"line":2,"column":0},"end":{"line":2,"column":35}},"3":{"start":{"line":3,"column":0},"end":{"line":3,"column":34}},"4":{"start":{"line":5,"column":0},"end":{"line":5,"column":16}},"5":{"start":{"line":6,"column":16},"end":{"line":6,"column":29}},"6":{"start":{"line":8,"column":15},"end":{"line":15,"column":4}},"7":{"start":{"line":17,"column":15},"end":{"line":17,"column":39}},"8":{"start":{"line":20,"column":4},"end":{"line":29,"column":5}},"9":{"start":{"line":21,"column":19},"end":{"line":21,"column":45}},"10":{"start":{"line":22,"column":6},"end":{"line":22,"column":50}},"11":{"start":{"line":23,"column":21},"end":{"line":23,"column":52}},"12":{"start":{"line":24,"column":6},"end":{"line":24,"column":21}},"13":{"start":{"line":25,"column":6},"end":{"line":25,"column":20}},"14":{"start":{"line":27,"column":6},"end":{"line":27,"column":27}},"15":{"start":{"line":28,"column":6},"end":{"line":28,"column":18}}},"fnMap":{"0":{"name":"query","decl":{"start":{"line":19,"column":24},"end":{"line":19,"column":29}},"loc":{"start":{"line":19,"column":56},"end":{"line":30,"column":null}}}},"branchMap":{},"s":{"0":2,"1":2,"2":2,"3":2,"4":2,"5":2,"6":2,"7":2,"8":0,"9":0,"10":0,"11":0,"12":0,"13":0,"14":0,"15":0},"f":{"0":0},"b":{}}
,"C:\\Users\\jrmic\\OneDrive\\Escritorio\\Api1-PIWEB\\src\\user\\application\\CreateUserUseCase.ts": {"path":"C:\\Users\\jrmic\\OneDrive\\Escritorio\\Api1-PIWEB\\src\\user\\application\\CreateUserUseCase.ts","statementMap":{"0":{"start":{"line":9,"column":13},"end":{"line":9,"column":43}},"1":{"start":{"line":10,"column":13},"end":{"line":10,"column":30}},"2":{"start":{"line":11,"column":13},"end":{"line":11,"column":52}},"3":{"start":{"line":12,"column":13},"end":{"line":12,"column":35}},"4":{"start":{"line":25,"column":4},"end":{"line":45,"column":5}},"5":{"start":{"line":26,"column":26},"end":{"line":26,"column":69}},"6":{"start":{"line":27,"column":6},"end":{"line":27,"column":37}},"7":{"start":{"line":28,"column":24},"end":{"line":36,"column":null}},"8":{"start":{"line":38,"column":6},"end":{"line":40,"column":7}},"9":{"start":{"line":39,"column":8},"end":{"line":39,"column":null}},"10":{"start":{"line":41,"column":6},"end":{"line":41,"column":18}},"11":{"start":{"line":43,"column":6},"end":{"line":43,"column":25}},"12":{"start":{"line":44,"column":6},"end":{"line":44,"column":18}},"13":{"start":{"line":7,"column":0},"end":{"line":7,"column":13}}},"fnMap":{"0":{"name":"(anonymous_7)","decl":{"start":{"line":8,"column":2},"end":{"line":8,"column":null}},"loc":{"start":{"line":12,"column":35},"end":{"line":13,"column":6}}},"1":{"name":"(anonymous_8)","decl":{"start":{"line":15,"column":8},"end":{"line":15,"column":11}},"loc":{"start":{"line":23,"column":20},"end":{"line":46,"column":null}}}},"branchMap":{"0":{"loc":{"start":{"line":38,"column":6},"end":{"line":40,"column":7}},"type":"if","locations":[{"start":{"line":38,"column":6},"end":{"line":40,"column":7}}]}},"s":{"0":0,"1":0,"2":0,"3":0,"4":0,"5":0,"6":0,"7":0,"8":0,"9":0,"10":0,"11":0,"12":0,"13":1},"f":{"0":0,"1":0},"b":{"0":[0]}}
,"C:\\Users\\jrmic\\OneDrive\\Escritorio\\Api1-PIWEB\\src\\user\\application\\services\\ServicesSendMailWelcome.ts": {"path":"C:\\Users\\jrmic\\OneDrive\\Escritorio\\Api1-PIWEB\\src\\user\\application\\services\\ServicesSendMailWelcome.ts","statementMap":{"0":{"start":{"line":4,"column":23},"end":{"line":4,"column":52}},"1":{"start":{"line":6,"column":4},"end":{"line":12,"column":5}},"2":{"start":{"line":7,"column":21},"end":{"line":7,"column":76}},"3":{"start":{"line":8,"column":6},"end":{"line":8,"column":20}},"4":{"start":{"line":10,"column":6},"end":{"line":10,"column":27}},"5":{"start":{"line":11,"column":6},"end":{"line":11,"column":31}},"6":{"start":{"line":3,"column":0},"end":{"line":3,"column":13}}},"fnMap":{"0":{"name":"(anonymous_7)","decl":{"start":{"line":4,"column":2},"end":{"line":4,"column":23}},"loc":{"start":{"line":4,"column":52},"end":{"line":4,"column":56}}},"1":{"name":"(anonymous_8)","decl":{"start":{"line":5,"column":8},"end":{"line":5,"column":11}},"loc":{"start":{"line":5,"column":41},"end":{"line":13,"column":null}}}},"branchMap":{},"s":{"0":1,"1":0,"2":0,"3":0,"4":0,"5":0,"6":1},"f":{"0":1,"1":0},"b":{}}
,"C:\\Users\\jrmic\\OneDrive\\Escritorio\\Api1-PIWEB\\src\\user\\domain\\User.ts": {"path":"C:\\Users\\jrmic\\OneDrive\\Escritorio\\Api1-PIWEB\\src\\user\\domain\\User.ts","statementMap":{"0":{"start":{"line":3,"column":15},"end":{"line":3,"column":25}},"1":{"start":{"line":4,"column":15},"end":{"line":4,"column":29}},"2":{"start":{"line":5,"column":15},"end":{"line":5,"column":29}},"3":{"start":{"line":6,"column":15},"end":{"line":6,"column":32}},"4":{"start":{"line":7,"column":15},"end":{"line":7,"column":28}},"5":{"start":{"line":8,"column":15},"end":{"line":8,"column":31}},"6":{"start":{"line":9,"column":15},"end":{"line":9,"column":31}},"7":{"start":{"line":10,"column":15},"end":{"line":10,"column":27}},"8":{"start":{"line":11,"column":15},"end":{"line":11,"column":31}},"9":{"start":{"line":1,"column":0},"end":{"line":1,"column":13}}},"fnMap":{"0":{"name":"(anonymous_0)","decl":{"start":{"line":2,"column":4},"end":{"line":2,"column":null}},"loc":{"start":{"line":11,"column":31},"end":{"line":12,"column":8}}}},"branchMap":{},"s":{"0":0,"1":0,"2":0,"3":0,"4":0,"5":0,"6":0,"7":0,"8":0,"9":2},"f":{"0":0},"b":{}}
,"C:\\Users\\jrmic\\OneDrive\\Escritorio\\Api1-PIWEB\\src\\user\\infraestructure\\MysqlUserRepository.ts": {"path":"C:\\Users\\jrmic\\OneDrive\\Escritorio\\Api1-PIWEB\\src\\user\\infraestructure\\MysqlUserRepository.ts","statementMap":{"0":{"start":{"line":1,"column":0},"end":{"line":1,"column":45}},"1":{"start":{"line":2,"column":0},"end":{"line":2,"column":38}},"2":{"start":{"line":17,"column":6},"end":{"line":17,"column":109}},"3":{"start":{"line":18,"column":26},"end":{"line":27,"column":6}},"4":{"start":{"line":29,"column":4},"end":{"line":46,"column":5}},"5":{"start":{"line":30,"column":28},"end":{"line":30,"column":52}},"6":{"start":{"line":31,"column":27},"end":{"line":40,"column":null}},"7":{"start":{"line":42,"column":6},"end":{"line":42,"column":21}},"8":{"start":{"line":44,"column":6},"end":{"line":44,"column":27}},"9":{"start":{"line":45,"column":6},"end":{"line":45,"column":18}},"10":{"start":{"line":49,"column":16},"end":{"line":49,"column":53}},"11":{"start":{"line":50,"column":24},"end":{"line":50,"column":30}},"12":{"start":{"line":51,"column":4},"end":{"line":76,"column":5}},"13":{"start":{"line":52,"column":28},"end":{"line":52,"column":52}},"14":{"start":{"line":53,"column":24},"end":{"line":53,"column":73}},"15":{"start":{"line":55,"column":6},"end":{"line":73,"column":7}},"16":{"start":{"line":56,"column":30},"end":{"line":68,"column":null}},"17":{"start":{"line":58,"column":12},"end":{"line":67,"column":null}},"18":{"start":{"line":70,"column":8},"end":{"line":70,"column":21}},"19":{"start":{"line":72,"column":8},"end":{"line":72,"column":21}},"20":{"start":{"line":75,"column":6},"end":{"line":75,"column":19}},"21":{"start":{"line":79,"column":16},"end":{"line":79,"column":55}},"22":{"start":{"line":80,"column":19},"end":{"line":80,"column":26}},"23":{"start":{"line":81,"column":4},"end":{"line":92,"column":5}},"24":{"start":{"line":82,"column":28},"end":{"line":82,"column":52}},"25":{"start":{"line":83,"column":24},"end":{"line":83,"column":73}},"26":{"start":{"line":84,"column":6},"end":{"line":88,"column":7}},"27":{"start":{"line":85,"column":8},"end":{"line":85,"column":28}},"28":{"start":{"line":87,"column":8},"end":{"line":87,"column":21}},"29":{"start":{"line":90,"column":6},"end":{"line":90,"column":27}},"30":{"start":{"line":91,"column":6},"end":{"line":91,"column":31}},"31":{"start":{"line":95,"column":24},"end":{"line":95,"column":40}},"32":{"start":{"line":96,"column":16},"end":{"line":96,"column":62}},"33":{"start":{"line":97,"column":4},"end":{"line":104,"column":5}},"34":{"start":{"line":98,"column":28},"end":{"line":98,"column":52}},"35":{"start":{"line":99,"column":19},"end":{"line":99,"column":68}},"36":{"start":{"line":100,"column":6},"end":{"line":100,"column":18}},"37":{"start":{"line":102,"column":6},"end":{"line":102,"column":27}},"38":{"start":{"line":103,"column":6},"end":{"line":103,"column":19}},"39":{"start":{"line":110,"column":16},"end":{"line":110,"column":63}},"40":{"start":{"line":111,"column":19},"end":{"line":111,"column":35}},"41":{"start":{"line":113,"column":4},"end":{"line":124,"column":5}},"42":{"start":{"line":114,"column":28},"end":{"line":114,"column":52}},"43":{"start":{"line":115,"column":24},"end":{"line":115,"column":73}},"44":{"start":{"line":116,"column":6},"end":{"line":120,"column":7}},"45":{"start":{"line":117,"column":8},"end":{"line":117,"column":20}},"46":{"start":{"line":119,"column":8},"end":{"line":119,"column":21}},"47":{"start":{"line":122,"column":6},"end":{"line":122,"column":27}},"48":{"start":{"line":123,"column":6},"end":{"line":123,"column":31}},"49":{"start":{"line":127,"column":4},"end":{"line":127,"column":14}},"50":{"start":{"line":5,"column":0},"end":{"line":5,"column":13}}},"fnMap":{"0":{"name":"(anonymous_7)","decl":{"start":{"line":6,"column":8},"end":{"line":6,"column":18}},"loc":{"start":{"line":14,"column":20},"end":{"line":47,"column":null}}},"1":{"name":"(anonymous_9)","decl":{"start":{"line":48,"column":8},"end":{"line":48,"column":15}},"loc":{"start":{"line":48,"column":46},"end":{"line":77,"column":null}}},"2":{"name":"(anonymous_11)","decl":{"start":{"line":57,"column":10},"end":{"line":57,"column":11}},"loc":{"start":{"line":58,"column":12},"end":{"line":67,"column":null}}},"3":{"name":"(anonymous_12)","decl":{"start":{"line":78,"column":8},"end":{"line":78,"column":16}},"loc":{"start":{"line":78,"column":30},"end":{"line":93,"column":null}}},"4":{"name":"(anonymous_14)","decl":{"start":{"line":94,"column":8},"end":{"line":94,"column":19}},"loc":{"start":{"line":94,"column":50},"end":{"line":105,"column":null}}},"5":{"name":"(anonymous_16)","decl":{"start":{"line":106,"column":8},"end":{"line":106,"column":26}},"loc":{"start":{"line":108,"column":19},"end":{"line":125,"column":null}}},"6":{"name":"(anonymous_18)","decl":{"start":{"line":126,"column":8},"end":{"line":126,"column":18}},"loc":{"start":{"line":126,"column":34},"end":{"line":128,"column":null}}}},"branchMap":{"0":{"loc":{"start":{"line":55,"column":6},"end":{"line":73,"column":7}},"type":"if","locations":[{"start":{"line":55,"column":6},"end":{"line":73,"column":7}},{"start":{"line":71,"column":13},"end":{"line":73,"column":7}}]},"1":{"loc":{"start":{"line":84,"column":6},"end":{"line":88,"column":7}},"type":"if","locations":[{"start":{"line":84,"column":6},"end":{"line":88,"column":7}},{"start":{"line":86,"column":13},"end":{"line":88,"column":7}}]},"2":{"loc":{"start":{"line":116,"column":6},"end":{"line":120,"column":7}},"type":"if","locations":[{"start":{"line":116,"column":6},"end":{"line":120,"column":7}},{"start":{"line":118,"column":13},"end":{"line":120,"column":7}}]}},"s":{"0":1,"1":1,"2":0,"3":0,"4":0,"5":0,"6":0,"7":0,"8":0,"9":0,"10":0,"11":0,"12":0,"13":0,"14":0,"15":0,"16":0,"17":0,"18":0,"19":0,"20":0,"21":0,"22":0,"23":0,"24":0,"25":0,"26":0,"27":0,"28":0,"29":0,"30":0,"31":0,"32":0,"33":0,"34":0,"35":0,"36":0,"37":0,"38":0,"39":0,"40":0,"41":0,"42":0,"43":0,"44":0,"45":0,"46":0,"47":0,"48":0,"49":0,"50":1},"f":{"0":0,"1":0,"2":0,"3":0,"4":0,"5":0,"6":0},"b":{"0":[0,0],"1":[0,0],"2":[0,0]}}
,"C:\\Users\\jrmic\\OneDrive\\Escritorio\\Api1-PIWEB\\src\\user\\infraestructure\\ServicesEmail.ts": {"path":"C:\\Users\\jrmic\\OneDrive\\Escritorio\\Api1-PIWEB\\src\\user\\infraestructure\\ServicesEmail.ts","statementMap":{"0":{"start":{"line":2,"column":0},"end":{"line":2,"column":36}},"1":{"start":{"line":3,"column":0},"end":{"line":3,"column":28}},"2":{"start":{"line":6,"column":2},"end":{"line":13,"column":3}},"3":{"start":{"line":7,"column":4},"end":{"line":7,"column":31}},"4":{"start":{"line":8,"column":4},"end":{"line":8,"column":46}},"5":{"start":{"line":9,"column":4},"end":{"line":9,"column":16}},"6":{"start":{"line":11,"column":4},"end":{"line":11,"column":68}},"7":{"start":{"line":12,"column":4},"end":{"line":12,"column":17}},"8":{"start":{"line":15,"column":20},"end":{"line":23,"column":2}},"9":{"start":{"line":24,"column":27},"end":{"line":26,"column":1}},"10":{"start":{"line":25,"column":2},"end":{"line":25,"column":48}},"11":{"start":{"line":30,"column":4},"end":{"line":59,"column":5}},"12":{"start":{"line":31,"column":30},"end":{"line":31,"column":44}},"13":{"start":{"line":32,"column":6},"end":{"line":55,"column":7}},"14":{"start":{"line":33,"column":21},"end":{"line":46,"column":10}},"15":{"start":{"line":47,"column":8},"end":{"line":52,"column":9}},"16":{"start":{"line":48,"column":10},"end":{"line":48,"column":22}},"17":{"start":{"line":50,"column":10},"end":{"line":50,"column":61}},"18":{"start":{"line":51,"column":10},"end":{"line":51,"column":23}},"19":{"start":{"line":54,"column":8},"end":{"line":54,"column":21}},"20":{"start":{"line":57,"column":6},"end":{"line":57,"column":25}},"21":{"start":{"line":58,"column":6},"end":{"line":58,"column":19}},"22":{"start":{"line":63,"column":4},"end":{"line":63,"column":16}},"23":{"start":{"line":67,"column":4},"end":{"line":101,"column":5}},"24":{"start":{"line":68,"column":30},"end":{"line":68,"column":44}},"25":{"start":{"line":69,"column":6},"end":{"line":97,"column":7}},"26":{"start":{"line":70,"column":22},"end":{"line":70,"column":42}},"27":{"start":{"line":71,"column":21},"end":{"line":88,"column":10}},"28":{"start":{"line":89,"column":8},"end":{"line":94,"column":9}},"29":{"start":{"line":90,"column":10},"end":{"line":90,"column":22}},"30":{"start":{"line":92,"column":10},"end":{"line":92,"column":61}},"31":{"start":{"line":93,"column":10},"end":{"line":93,"column":23}},"32":{"start":{"line":96,"column":8},"end":{"line":96,"column":21}},"33":{"start":{"line":99,"column":6},"end":{"line":99,"column":27}},"34":{"start":{"line":100,"column":6},"end":{"line":100,"column":19}},"35":{"start":{"line":28,"column":0},"end":{"line":28,"column":13}}},"fnMap":{"0":{"name":"verify","decl":{"start":{"line":5,"column":15},"end":{"line":5,"column":21}},"loc":{"start":{"line":5,"column":21},"end":{"line":14,"column":null}}},"1":{"name":"(anonymous_10)","decl":{"start":{"line":24,"column":27},"end":{"line":24,"column":38}},"loc":{"start":{"line":24,"column":40},"end":{"line":26,"column":1}}},"2":{"name":"(anonymous_11)","decl":{"start":{"line":29,"column":8},"end":{"line":29,"column":23}},"loc":{"start":{"line":29,"column":53},"end":{"line":60,"column":null}}},"3":{"name":"(anonymous_13)","decl":{"start":{"line":62,"column":8},"end":{"line":62,"column":23}},"loc":{"start":{"line":62,"column":53},"end":{"line":64,"column":null}}},"4":{"name":"(anonymous_15)","decl":{"start":{"line":66,"column":8},"end":{"line":66,"column":23}},"loc":{"start":{"line":66,"column":53},"end":{"line":102,"column":null}}}},"branchMap":{"0":{"loc":{"start":{"line":32,"column":6},"end":{"line":55,"column":7}},"type":"if","locations":[{"start":{"line":32,"column":6},"end":{"line":55,"column":7}},{"start":{"line":53,"column":13},"end":{"line":55,"column":7}}]},"1":{"loc":{"start":{"line":47,"column":8},"end":{"line":52,"column":9}},"type":"if","locations":[{"start":{"line":47,"column":8},"end":{"line":52,"column":9}},{"start":{"line":49,"column":15},"end":{"line":52,"column":9}}]},"2":{"loc":{"start":{"line":69,"column":6},"end":{"line":97,"column":7}},"type":"if","locations":[{"start":{"line":69,"column":6},"end":{"line":97,"column":7}},{"start":{"line":95,"column":13},"end":{"line":97,"column":7}}]},"3":{"loc":{"start":{"line":89,"column":8},"end":{"line":94,"column":9}},"type":"if","locations":[{"start":{"line":89,"column":8},"end":{"line":94,"column":9}},{"start":{"line":91,"column":15},"end":{"line":94,"column":9}}]}},"s":{"0":1,"1":1,"2":0,"3":0,"4":0,"5":0,"6":0,"7":0,"8":1,"9":1,"10":0,"11":0,"12":0,"13":0,"14":0,"15":0,"16":0,"17":0,"18":0,"19":0,"20":0,"21":0,"22":0,"23":0,"24":0,"25":0,"26":0,"27":0,"28":0,"29":0,"30":0,"31":0,"32":0,"33":0,"34":0,"35":1},"f":{"0":0,"1":0,"2":0,"3":0,"4":0},"b":{"0":[0,0],"1":[0,0],"2":[0,0],"3":[0,0]}}
,"C:\\Users\\jrmic\\OneDrive\\Escritorio\\Api1-PIWEB\\src\\user\\infraestructure\\controllers\\CreateUserController.ts": {"path":"C:\\Users\\jrmic\\OneDrive\\Escritorio\\Api1-PIWEB\\src\\user\\infraestructure\\controllers\\CreateUserController.ts","statementMap":{"0":{"start":{"line":3,"column":0},"end":{"line":3,"column":61}},"1":{"start":{"line":6,"column":23},"end":{"line":6,"column":59}},"2":{"start":{"line":9,"column":17},"end":{"line":9,"column":25}},"3":{"start":{"line":10,"column":25},"end":{"line":10,"column":46}},"4":{"start":{"line":11,"column":4},"end":{"line":60,"column":5}},"5":{"start":{"line":12,"column":6},"end":{"line":52,"column":7}},"6":{"start":{"line":13,"column":8},"end":{"line":16,"column":11}},"7":{"start":{"line":17,"column":13},"end":{"line":52,"column":7}},"8":{"start":{"line":18,"column":8},"end":{"line":21,"column":11}},"9":{"start":{"line":23,"column":26},"end":{"line":31,"column":null}},"10":{"start":{"line":34,"column":8},"end":{"line":51,"column":13}},"11":{"start":{"line":35,"column":23},"end":{"line":44,"column":12}},"12":{"start":{"line":45,"column":10},"end":{"line":45,"column":33}},"13":{"start":{"line":46,"column":10},"end":{"line":46,"column":17}},"14":{"start":{"line":48,"column":10},"end":{"line":51,"column":13}},"15":{"start":{"line":54,"column":6},"end":{"line":54,"column":27}},"16":{"start":{"line":55,"column":6},"end":{"line":59,"column":9}},"17":{"start":{"line":5,"column":0},"end":{"line":5,"column":13}}},"fnMap":{"0":{"name":"(anonymous_7)","decl":{"start":{"line":6,"column":2},"end":{"line":6,"column":23}},"loc":{"start":{"line":6,"column":59},"end":{"line":6,"column":63}}},"1":{"name":"(anonymous_8)","decl":{"start":{"line":8,"column":8},"end":{"line":8,"column":11}},"loc":{"start":{"line":8,"column":59},"end":{"line":61,"column":null}}}},"branchMap":{"0":{"loc":{"start":{"line":12,"column":6},"end":{"line":52,"column":7}},"type":"if","locations":[{"start":{"line":12,"column":6},"end":{"line":52,"column":7}},{"start":{"line":17,"column":13},"end":{"line":52,"column":7}}]},"1":{"loc":{"start":{"line":17,"column":13},"end":{"line":52,"column":7}},"type":"if","locations":[{"start":{"line":17,"column":13},"end":{"line":52,"column":7}},{"start":{"line":22,"column":13},"end":{"line":52,"column":7}}]},"2":{"loc":{"start":{"line":34,"column":8},"end":{"line":51,"column":13}},"type":"if","locations":[{"start":{"line":34,"column":8},"end":{"line":51,"column":13}},{"start":{"line":48,"column":10},"end":{"line":51,"column":13}}]},"3":{"loc":{"start":{"line":36,"column":16},"end":{"line":36,"column":24}},"type":"cond-expr","locations":[{"start":{"line":36,"column":20},"end":{"line":36,"column":22}},{"start":{"line":36,"column":16},"end":{"line":36,"column":24}}]},"4":{"loc":{"start":{"line":36,"column":16},"end":{"line":36,"column":22}},"type":"binary-expr","locations":[{"start":{"line":36,"column":16},"end":{"line":36,"column":22}},{"start":{"line":36,"column":16},"end":{"line":36,"column":22}}]},"5":{"loc":{"start":{"line":37,"column":20},"end":{"line":37,"column":32}},"type":"cond-expr","locations":[{"start":{"line":37,"column":24},"end":{"line":37,"column":26}},{"start":{"line":37,"column":20},"end":{"line":37,"column":32}}]},"6":{"loc":{"start":{"line":37,"column":20},"end":{"line":37,"column":26}},"type":"binary-expr","locations":[{"start":{"line":37,"column":20},"end":{"line":37,"column":26}},{"start":{"line":37,"column":20},"end":{"line":37,"column":26}}]},"7":{"loc":{"start":{"line":38,"column":23},"end":{"line":38,"column":38}},"type":"cond-expr","locations":[{"start":{"line":38,"column":27},"end":{"line":38,"column":29}},{"start":{"line":38,"column":23},"end":{"line":38,"column":38}}]},"8":{"loc":{"start":{"line":38,"column":23},"end":{"line":38,"column":29}},"type":"binary-expr","locations":[{"start":{"line":38,"column":23},"end":{"line":38,"column":29}},{"start":{"line":38,"column":23},"end":{"line":38,"column":29}}]},"9":{"loc":{"start":{"line":39,"column":19},"end":{"line":39,"column":30}},"type":"cond-expr","locations":[{"start":{"line":39,"column":23},"end":{"line":39,"column":25}},{"start":{"line":39,"column":19},"end":{"line":39,"column":30}}]},"10":{"loc":{"start":{"line":39,"column":19},"end":{"line":39,"column":25}},"type":"binary-expr","locations":[{"start":{"line":39,"column":19},"end":{"line":39,"column":25}},{"start":{"line":39,"column":19},"end":{"line":39,"column":25}}]},"11":{"loc":{"start":{"line":40,"column":18},"end":{"line":40,"column":28}},"type":"cond-expr","locations":[{"start":{"line":40,"column":22},"end":{"line":40,"column":24}},{"start":{"line":40,"column":18},"end":{"line":40,"column":28}}]},"12":{"loc":{"start":{"line":40,"column":18},"end":{"line":40,"column":24}},"type":"binary-expr","locations":[{"start":{"line":40,"column":18},"end":{"line":40,"column":24}},{"start":{"line":40,"column":18},"end":{"line":40,"column":24}}]},"13":{"loc":{"start":{"line":41,"column":18},"end":{"line":41,"column":32}},"type":"cond-expr","locations":[{"start":{"line":41,"column":22},"end":{"line":41,"column":24}},{"start":{"line":41,"column":18},"end":{"line":41,"column":32}}]},"14":{"loc":{"start":{"line":41,"column":18},"end":{"line":41,"column":24}},"type":"binary-expr","locations":[{"start":{"line":41,"column":18},"end":{"line":41,"column":24}},{"start":{"line":41,"column":18},"end":{"line":41,"column":24}}]},"15":{"loc":{"start":{"line":42,"column":22},"end":{"line":42,"column":36}},"type":"cond-expr","locations":[{"start":{"line":42,"column":26},"end":{"line":42,"column":28}},{"start":{"line":42,"column":22},"end":{"line":42,"column":36}}]},"16":{"loc":{"start":{"line":42,"column":22},"end":{"line":42,"column":28}},"type":"binary-expr","locations":[{"start":{"line":42,"column":22},"end":{"line":42,"column":28}},{"start":{"line":42,"column":22},"end":{"line":42,"column":28}}]},"17":{"loc":{"start":{"line":43,"column":22},"end":{"line":43,"column":36}},"type":"cond-expr","locations":[{"start":{"line":43,"column":26},"end":{"line":43,"column":28}},{"start":{"line":43,"column":22},"end":{"line":43,"column":36}}]},"18":{"loc":{"start":{"line":43,"column":22},"end":{"line":43,"column":28}},"type":"binary-expr","locations":[{"start":{"line":43,"column":22},"end":{"line":43,"column":28}},{"start":{"line":43,"column":22},"end":{"line":43,"column":28}}]}},"s":{"0":1,"1":1,"2":1,"3":1,"4":1,"5":1,"6":0,"7":1,"8":0,"9":1,"10":1,"11":1,"12":1,"13":1,"14":0,"15":0,"16":0,"17":1},"f":{"0":1,"1":1},"b":{"0":[0,1],"1":[0,1],"2":[1,0],"3":[0,1],"4":[1,1],"5":[0,1],"6":[1,1],"7":[0,1],"8":[1,1],"9":[0,1],"10":[1,1],"11":[0,1],"12":[1,1],"13":[0,1],"14":[1,1],"15":[0,1],"16":[1,1],"17":[0,1],"18":[1,1]}}
,"C:\\Users\\jrmic\\OneDrive\\Escritorio\\Api1-PIWEB\\src\\user\\infraestructure\\helpers\\ServicesEncript.ts": {"path":"C:\\Users\\jrmic\\OneDrive\\Escritorio\\Api1-PIWEB\\src\\user\\infraestructure\\helpers\\ServicesEncript.ts","statementMap":{"0":{"start":{"line":1,"column":0},"end":{"line":1,"column":41}},"1":{"start":{"line":6,"column":24},"end":{"line":6,"column":76}},"2":{"start":{"line":7,"column":4},"end":{"line":7,"column":23}},"3":{"start":{"line":14,"column":19},"end":{"line":14,"column":58}},"4":{"start":{"line":16,"column":4},"end":{"line":16,"column":18}},"5":{"start":{"line":4,"column":0},"end":{"line":4,"column":13}}},"fnMap":{"0":{"name":"(anonymous_7)","decl":{"start":{"line":5,"column":8},"end":{"line":5,"column":22}},"loc":{"start":{"line":5,"column":39},"end":{"line":8,"column":null}}},"1":{"name":"(anonymous_9)","decl":{"start":{"line":10,"column":8},"end":{"line":10,"column":17}},"loc":{"start":{"line":12,"column":26},"end":{"line":17,"column":null}}}},"branchMap":{},"s":{"0":1,"1":0,"2":0,"3":0,"4":0,"5":1},"f":{"0":0,"1":0},"b":{}}
,"C:\\Users\\jrmic\\OneDrive\\Escritorio\\Api1-PIWEB\\src\\user\\infraestructure\\helpers\\ServicesUuidv4.ts": {"path":"C:\\Users\\jrmic\\OneDrive\\Escritorio\\Api1-PIWEB\\src\\user\\infraestructure\\helpers\\ServicesUuidv4.ts","statementMap":{"0":{"start":{"line":2,"column":0},"end":{"line":2,"column":36}},"1":{"start":{"line":6,"column":15},"end":{"line":6,"column":23}},"2":{"start":{"line":7,"column":4},"end":{"line":7,"column":14}},"3":{"start":{"line":4,"column":0},"end":{"line":4,"column":13}}},"fnMap":{"0":{"name":"(anonymous_0)","decl":{"start":{"line":5,"column":2},"end":{"line":5,"column":11}},"loc":{"start":{"line":5,"column":11},"end":{"line":8,"column":3}}}},"branchMap":{},"s":{"0":1,"1":0,"2":0,"3":1},"f":{"0":0},"b":{}}
,"C:\\Users\\jrmic\\OneDrive\\Escritorio\\Api1-PIWEB\\src\\user\\infraestructure\\validators\\Validationes.ts": {"path":"C:\\Users\\jrmic\\OneDrive\\Escritorio\\Api1-PIWEB\\src\\user\\infraestructure\\validators\\Validationes.ts","statementMap":{"0":{"start":{"line":1,"column":0},"end":{"line":1,"column":35}},"1":{"start":{"line":2,"column":0},"end":{"line":2,"column":41}},"2":{"start":{"line":3,"column":0},"end":{"line":3,"column":48}},"3":{"start":{"line":7,"column":16},"end":{"line":7,"column":68}},"4":{"start":{"line":8,"column":4},"end":{"line":19,"column":5}},"5":{"start":{"line":9,"column":16},"end":{"line":9,"column":44}},"6":{"start":{"line":10,"column":24},"end":{"line":10,"column":70}},"7":{"start":{"line":11,"column":6},"end":{"line":15,"column":7}},"8":{"start":{"line":12,"column":8},"end":{"line":12,"column":34}},"9":{"start":{"line":14,"column":8},"end":{"line":14,"column":18}},"10":{"start":{"line":17,"column":6},"end":{"line":17,"column":27}},"11":{"start":{"line":18,"column":6},"end":{"line":18,"column":16}},"12":{"start":{"line":22,"column":16},"end":{"line":22,"column":70}},"13":{"start":{"line":23,"column":4},"end":{"line":34,"column":5}},"14":{"start":{"line":24,"column":16},"end":{"line":24,"column":41}},"15":{"start":{"line":25,"column":24},"end":{"line":25,"column":70}},"16":{"start":{"line":26,"column":6},"end":{"line":30,"column":7}},"17":{"start":{"line":27,"column":8},"end":{"line":27,"column":34}},"18":{"start":{"line":29,"column":8},"end":{"line":29,"column":18}},"19":{"start":{"line":32,"column":6},"end":{"line":32,"column":27}},"20":{"start":{"line":33,"column":6},"end":{"line":33,"column":16}},"21":{"start":{"line":37,"column":4},"end":{"line":65,"column":5}},"22":{"start":{"line":38,"column":18},"end":{"line":38,"column":54}},"23":{"start":{"line":39,"column":26},"end":{"line":39,"column":54}},"24":{"start":{"line":40,"column":24},"end":{"line":40,"column":71}},"25":{"start":{"line":41,"column":6},"end":{"line":60,"column":7}},"26":{"start":{"line":42,"column":27},"end":{"line":54,"column":null}},"27":{"start":{"line":44,"column":12},"end":{"line":53,"column":null}},"28":{"start":{"line":56,"column":8},"end":{"line":59,"column":9}},"29":{"start":{"line":57,"column":25},"end":{"line":57,"column":66}},"30":{"start":{"line":58,"column":10},"end":{"line":58,"column":24}},"31":{"start":{"line":61,"column":6},"end":{"line":61,"column":18}},"32":{"start":{"line":63,"column":6},"end":{"line":63,"column":27}},"33":{"start":{"line":64,"column":6},"end":{"line":64,"column":19}},"34":{"start":{"line":5,"column":0},"end":{"line":5,"column":13}}},"fnMap":{"0":{"name":"(anonymous_7)","decl":{"start":{"line":6,"column":8},"end":{"line":6,"column":28}},"loc":{"start":{"line":6,"column":45},"end":{"line":20,"column":null}}},"1":{"name":"(anonymous_9)","decl":{"start":{"line":21,"column":8},"end":{"line":21,"column":25}},"loc":{"start":{"line":21,"column":39},"end":{"line":35,"column":null}}},"2":{"name":"(anonymous_11)","decl":{"start":{"line":36,"column":8},"end":{"line":36,"column":24}},"loc":{"start":{"line":36,"column":59},"end":{"line":66,"column":null}}},"3":{"name":"(anonymous_13)","decl":{"start":{"line":43,"column":10},"end":{"line":43,"column":11}},"loc":{"start":{"line":44,"column":12},"end":{"line":53,"column":null}}}},"branchMap":{"0":{"loc":{"start":{"line":11,"column":6},"end":{"line":15,"column":7}},"type":"if","locations":[{"start":{"line":11,"column":6},"end":{"line":15,"column":7}},{"start":{"line":13,"column":13},"end":{"line":15,"column":7}}]},"1":{"loc":{"start":{"line":26,"column":6},"end":{"line":30,"column":7}},"type":"if","locations":[{"start":{"line":26,"column":6},"end":{"line":30,"column":7}},{"start":{"line":28,"column":13},"end":{"line":30,"column":7}}]},"2":{"loc":{"start":{"line":41,"column":6},"end":{"line":60,"column":7}},"type":"if","locations":[{"start":{"line":41,"column":6},"end":{"line":60,"column":7}}]},"3":{"loc":{"start":{"line":56,"column":8},"end":{"line":59,"column":9}},"type":"if","locations":[{"start":{"line":56,"column":8},"end":{"line":59,"column":9}}]}},"s":{"0":1,"1":1,"2":1,"3":0,"4":0,"5":0,"6":0,"7":0,"8":0,"9":0,"10":0,"11":0,"12":0,"13":0,"14":0,"15":0,"16":0,"17":0,"18":0,"19":0,"20":0,"21":0,"22":0,"23":0,"24":0,"25":0,"26":0,"27":0,"28":0,"29":0,"30":0,"31":0,"32":0,"33":0,"34":1},"f":{"0":0,"1":0,"2":0,"3":0},"b":{"0":[0,0],"1":[0,0],"2":[0],"3":[0]}}
}
