TN:
SF:src\database\mysql.ts
FN:19,query
FNF:1
FNH:0
FNDA:0,query
DA:1,2
DA:2,2
DA:3,2
DA:5,2
DA:6,2
DA:8,2
DA:17,2
DA:19,2
DA:20,0
DA:21,0
DA:22,0
DA:23,0
DA:24,0
DA:25,0
DA:27,0
DA:28,0
LF:16
LH:8
BRF:0
BRH:0
end_of_record
TN:
SF:src\user\application\CreateUserUseCase.ts
FN:8,(anonymous_7)
FN:15,(anonymous_8)
FNF:2
FNH:0
FNDA:0,(anonymous_7)
FNDA:0,(anonymous_8)
DA:7,1
DA:9,0
DA:10,0
DA:11,0
DA:12,0
DA:25,0
DA:26,0
DA:27,0
DA:28,0
DA:38,0
DA:39,0
DA:41,0
DA:43,0
DA:44,0
LF:14
LH:1
BRDA:38,0,0,0
BRF:1
BRH:0
end_of_record
TN:
SF:src\user\application\services\ServicesSendMailWelcome.ts
FN:4,(anonymous_7)
FN:5,(anonymous_8)
FNF:2
FNH:1
FNDA:1,(anonymous_7)
FNDA:0,(anonymous_8)
DA:3,1
DA:4,1
DA:6,0
DA:7,0
DA:8,0
DA:10,0
DA:11,0
LF:7
LH:2
BRF:0
BRH:0
end_of_record
TN:
SF:src\user\domain\User.ts
FN:2,(anonymous_0)
FNF:1
FNH:0
FNDA:0,(anonymous_0)
DA:1,2
DA:3,0
DA:4,0
DA:5,0
DA:6,0
DA:7,0
DA:8,0
DA:9,0
DA:10,0
DA:11,0
LF:10
LH:1
BRF:0
BRH:0
end_of_record
TN:
SF:src\user\infraestructure\MysqlUserRepository.ts
FN:6,(anonymous_7)
FN:48,(anonymous_9)
FN:57,(anonymous_11)
FN:78,(anonymous_12)
FN:94,(anonymous_14)
FN:106,(anonymous_16)
FN:126,(anonymous_18)
FNF:7
FNH:0
FNDA:0,(anonymous_7)
FNDA:0,(anonymous_9)
FNDA:0,(anonymous_11)
FNDA:0,(anonymous_12)
FNDA:0,(anonymous_14)
FNDA:0,(anonymous_16)
FNDA:0,(anonymous_18)
DA:1,1
DA:2,1
DA:5,1
DA:17,0
DA:18,0
DA:29,0
DA:30,0
DA:31,0
DA:42,0
DA:44,0
DA:45,0
DA:49,0
DA:50,0
DA:51,0
DA:52,0
DA:53,0
DA:55,0
DA:56,0
DA:58,0
DA:70,0
DA:72,0
DA:75,0
DA:79,0
DA:80,0
DA:81,0
DA:82,0
DA:83,0
DA:84,0
DA:85,0
DA:87,0
DA:90,0
DA:91,0
DA:95,0
DA:96,0
DA:97,0
DA:98,0
DA:99,0
DA:100,0
DA:102,0
DA:103,0
DA:110,0
DA:111,0
DA:113,0
DA:114,0
DA:115,0
DA:116,0
DA:117,0
DA:119,0
DA:122,0
DA:123,0
DA:127,0
LF:51
LH:3
BRDA:55,0,0,0
BRDA:55,0,1,0
BRDA:84,1,0,0
BRDA:84,1,1,0
BRDA:116,2,0,0
BRDA:116,2,1,0
BRF:6
BRH:0
end_of_record
TN:
SF:src\user\infraestructure\ServicesEmail.ts
FN:5,verify
FN:24,(anonymous_10)
FN:29,(anonymous_11)
FN:62,(anonymous_13)
FN:66,(anonymous_15)
FNF:5
FNH:0
FNDA:0,verify
FNDA:0,(anonymous_10)
FNDA:0,(anonymous_11)
FNDA:0,(anonymous_13)
FNDA:0,(anonymous_15)
DA:2,1
DA:3,1
DA:6,0
DA:7,0
DA:8,0
DA:9,0
DA:11,0
DA:12,0
DA:15,1
DA:24,1
DA:25,0
DA:28,1
DA:30,0
DA:31,0
DA:32,0
DA:33,0
DA:47,0
DA:48,0
DA:50,0
DA:51,0
DA:54,0
DA:57,0
DA:58,0
DA:63,0
DA:67,0
DA:68,0
DA:69,0
DA:70,0
DA:71,0
DA:89,0
DA:90,0
DA:92,0
DA:93,0
DA:96,0
DA:99,0
DA:100,0
LF:36
LH:5
BRDA:32,0,0,0
BRDA:32,0,1,0
BRDA:47,1,0,0
BRDA:47,1,1,0
BRDA:69,2,0,0
BRDA:69,2,1,0
BRDA:89,3,0,0
BRDA:89,3,1,0
BRF:8
BRH:0
end_of_record
TN:
SF:src\user\infraestructure\controllers\CreateUserController.ts
FN:6,(anonymous_7)
FN:8,(anonymous_8)
FNF:2
FNH:2
FNDA:1,(anonymous_7)
FNDA:1,(anonymous_8)
DA:3,1
DA:5,1
DA:6,1
DA:9,1
DA:10,1
DA:11,1
DA:12,1
DA:13,0
DA:17,1
DA:18,0
DA:23,1
DA:34,1
DA:35,1
DA:45,1
DA:46,1
DA:48,0
DA:54,0
DA:55,0
LF:18
LH:13
BRDA:12,0,0,0
BRDA:12,0,1,1
BRDA:17,1,0,0
BRDA:17,1,1,1
BRDA:34,2,0,1
BRDA:34,2,1,0
BRDA:36,3,0,0
BRDA:36,3,1,1
BRDA:36,4,0,1
BRDA:36,4,1,1
BRDA:37,5,0,0
BRDA:37,5,1,1
BRDA:37,6,0,1
BRDA:37,6,1,1
BRDA:38,7,0,0
BRDA:38,7,1,1
BRDA:38,8,0,1
BRDA:38,8,1,1
BRDA:39,9,0,0
BRDA:39,9,1,1
BRDA:39,10,0,1
BRDA:39,10,1,1
BRDA:40,11,0,0
BRDA:40,11,1,1
BRDA:40,12,0,1
BRDA:40,12,1,1
BRDA:41,13,0,0
BRDA:41,13,1,1
BRDA:41,14,0,1
BRDA:41,14,1,1
BRDA:42,15,0,0
BRDA:42,15,1,1
BRDA:42,16,0,1
BRDA:42,16,1,1
BRDA:43,17,0,0
BRDA:43,17,1,1
BRDA:43,18,0,1
BRDA:43,18,1,1
BRF:38
BRH:27
end_of_record
TN:
SF:src\user\infraestructure\helpers\ServicesEncript.ts
FN:5,(anonymous_7)
FN:10,(anonymous_9)
FNF:2
FNH:0
FNDA:0,(anonymous_7)
FNDA:0,(anonymous_9)
DA:1,1
DA:4,1
DA:6,0
DA:7,0
DA:14,0
DA:16,0
LF:6
LH:2
BRF:0
BRH:0
end_of_record
TN:
SF:src\user\infraestructure\helpers\ServicesUuidv4.ts
FN:5,(anonymous_0)
FNF:1
FNH:0
FNDA:0,(anonymous_0)
DA:2,1
DA:4,1
DA:6,0
DA:7,0
LF:4
LH:2
BRF:0
BRH:0
end_of_record
TN:
SF:src\user\infraestructure\validators\Validationes.ts
FN:6,(anonymous_7)
FN:21,(anonymous_9)
FN:36,(anonymous_11)
FN:43,(anonymous_13)
FNF:4
FNH:0
FNDA:0,(anonymous_7)
FNDA:0,(anonymous_9)
FNDA:0,(anonymous_11)
FNDA:0,(anonymous_13)
DA:1,1
DA:2,1
DA:3,1
DA:5,1
DA:7,0
DA:8,0
DA:9,0
DA:10,0
DA:11,0
DA:12,0
DA:14,0
DA:17,0
DA:18,0
DA:22,0
DA:23,0
DA:24,0
DA:25,0
DA:26,0
DA:27,0
DA:29,0
DA:32,0
DA:33,0
DA:37,0
DA:38,0
DA:39,0
DA:40,0
DA:41,0
DA:42,0
DA:44,0
DA:56,0
DA:57,0
DA:58,0
DA:61,0
DA:63,0
DA:64,0
LF:35
LH:4
BRDA:11,0,0,0
BRDA:11,0,1,0
BRDA:26,1,0,0
BRDA:26,1,1,0
BRDA:41,2,0,0
BRDA:56,3,0,0
BRF:6
BRH:0
end_of_record
